<?xml version="1.0" encoding="UTF-8"?>
<!-- Generated by org.testng.reporters.JUnitReportReporter -->
<testsuite hostname="DESKTOP-N4ABPVD" failures="0" tests="2" name="MavenProject_practice.MavenJava.SeleniumTest" time="0.000" errors="0" timestamp="24 Jan 2022 23:40:36 GMT">
  <testcase classname="MavenProject_practice.MavenJava.SeleniumTest" name="seleniumtests" time="0.000"/>
  <testcase classname="MavenProject_practice.MavenJava.SeleniumTest" name="seleniumtests2" time="0.000"/>
</testsuite> <!-- MavenProject_practice.MavenJava.SeleniumTest -->
