<?xml version="1.0" encoding="UTF-8"?>
<!-- Generated by org.testng.reporters.JUnitReportReporter -->
<testsuite hostname="DESKTOP-N4ABPVD" failures="0" tests="2" name="MavenProject_practice.MavenJava.AppiumTest" time="0.002" errors="0" timestamp="24 Jan 2022 23:40:36 GMT">
  <testcase classname="MavenProject_practice.MavenJava.AppiumTest" name="appiumtest2" time="0.000"/>
  <testcase classname="MavenProject_practice.MavenJava.AppiumTest" name="appiumtest1" time="0.002"/>
</testsuite> <!-- MavenProject_practice.MavenJava.AppiumTest -->
